<?xml version="1.0" encoding="UTF-8"?>
<!-- Generated by org.testng.reporters.JUnitReportReporter -->
<testsuite hostname="DK" failures="0" tests="1" name="com.Mytests.D0eDemoTestNg" time="0.014" errors="0" timestamp="2024-06-28T01:03:05 IST" skipped="0">
  <testcase classname="com.Mytests.D0eDemoTestNg" name="f" time="0.014"/>
</testsuite> <!-- com.Mytests.D0eDemoTestNg -->
