<?xml version="1.0" encoding="UTF-8"?>
<!-- Generated by org.testng.reporters.JUnitReportReporter -->
<testsuite hostname="DK" failures="0" tests="1" name="TestNG.D11WriteToExcel" time="0.549" errors="0" timestamp="2024-06-25T21:17:56 IST" skipped="0">
  <testcase classname="TestNG.D11WriteToExcel" name="WriteData" time="0.549"/>
  <system-out/>
</testsuite> <!-- TestNG.D11WriteToExcel -->
