<?xml version="1.0" encoding="UTF-8"?>
<!-- Generated by org.testng.reporters.JUnitReportReporter -->
<testsuite hostname="DK" failures="0" tests="4" name="TestNG.D03BeforeAfter_Test" time="135.373" errors="0" timestamp="2024-06-20T18:01:33 IST" skipped="0">
  <testcase classname="TestNG.D03BeforeAfter_Test" name="openMeesho" time="6.989"/>
  <system-out/>
  <testcase classname="TestNG.D03BeforeAfter_Test" name="openFlipkart" time="12.481"/>
  <system-out/>
  <testcase classname="TestNG.D03BeforeAfter_Test" name="openMyntra" time="32.012"/>
  <system-out/>
  <testcase classname="TestNG.D03BeforeAfter_Test" name="openDecathlon" time="83.891"/>
  <system-out/>
</testsuite> <!-- TestNG.D03BeforeAfter_Test -->
