<?xml version="1.0" encoding="UTF-8"?>
<!-- Generated by org.testng.reporters.JUnitReportReporter -->
<testsuite hostname="DK" failures="0" tests="1" name="TestNG.D01FirstTest" time="61.198" errors="0" timestamp="2024-06-20T17:27:01 IST" skipped="0">
  <testcase classname="TestNG.D01FirstTest" name="openMeesho" time="61.198"/>
  <system-out/>
</testsuite> <!-- TestNG.D01FirstTest -->
