<?xml version="1.0" encoding="UTF-8"?>
<!-- Generated by org.testng.reporters.JUnitReportReporter -->
<testsuite hostname="DK" failures="0" tests="1" name="SeleniumWebDriverAssignment.LoginWithCorrectDetailsClient" time="7.377" errors="0" timestamp="2024-07-11T19:14:31 IST" skipped="0">
  <testcase classname="SeleniumWebDriverAssignment.LoginWithCorrectDetailsClient" name="login" time="7.377"/>
  <system-out/>
</testsuite> <!-- SeleniumWebDriverAssignment.LoginWithCorrectDetailsClient -->
