<?xml version="1.0" encoding="UTF-8"?>
<!-- Generated by org.testng.reporters.JUnitReportReporter -->
<testsuite hostname="DK" failures="0" tests="3" name="TestNG.A01OrangeHrm" time="34.673" errors="0" timestamp="2024-06-20T19:44:47 IST" skipped="0">
  <testcase classname="TestNG.A01OrangeHrm" name="login1" time="4.167"/>
  <system-out/>
  <testcase classname="TestNG.A01OrangeHrm" name="login3" time="1.803"/>
  <system-out/>
  <testcase classname="TestNG.A01OrangeHrm" name="login2" time="28.703"/>
  <system-out/>
</testsuite> <!-- TestNG.A01OrangeHrm -->
